# JRE version: OpenJDK Runtime Environment Temurin-21.0.11+10 (21.0.11+10) (build 21.0.11+10-LTS)
# Java VM: OpenJDK 64-Bit Server VM Temurin-21.0.11+10 (21.0.11+10-LTS, mixed mode, sharing, tiered, compressed oops, compressed class ptrs, g1 gc, windows-amd64)
GC Precious Log:
 CardTable entry size: 512
 Card Set container configuration: InlinePtr #cards 4 size 8 Array Of Cards #cards 32 size 80 Howl #buckets 8 coarsen threshold 7372 Howl Bitmap #cards 1024 size 144 coarsen threshold 921 Card regions per heap region 1 cards per card region 8192
 CPUs: 8 total, 8 available
 Memory: 6026M
 Large Page Support: Disabled
 NUMA Support: Disabled
 Compressed Oops: Enabled (Zero based)
 Heap Region Size: 4M
 Heap Min Capacity: 8M
 Heap Initial Capacity: 96M
 Heap Max Capacity: 8G
 Pre-touch: Disabled
 Parallel Workers: 8
 Concurrent Workers: 2
 Concurrent Refinement Workers: 8
 Periodic GC: Disabled
Heap:
 garbage-first heap   total 1605632K, used 470688K [0x0000000600000000, 0x0000000800000000)
  region size 4096K, 4 young (16384K), 4 survivors (16384K)
 Metaspace       used 137234K, committed 140288K, reserved 1179648K
  class space    used 18610K, committed 20096K, reserved 1048576K
GC Heap History (20 events):
Event: 930.864 GC heap after
{Heap after GC invocations=90 (full 0):
 garbage-first heap   total 569344K, used 401220K [0x0000000600000000, 0x0000000800000000)
  region size 4096K, 2 young (8192K), 2 survivors (8192K)
 Metaspace       used 135544K, committed 138560K, reserved 1179648K
  class space    used 18477K, committed 19904K, reserved 1048576K
}
Event: 939.806 GC heap before
{Heap before GC invocations=91 (full 0):
 garbage-first heap   total 675840K, used 524100K [0x0000000600000000, 0x0000000800000000)
  region size 4096K, 33 young (135168K), 2 survivors (8192K)
 Metaspace       used 135703K, committed 138688K, reserved 1179648K
  class space    used 18480K, committed 19904K, reserved 1048576K
}
Event: 939.978 GC heap after
{Heap after GC invocations=92 (full 0):
 garbage-first heap   total 675840K, used 415974K [0x0000000600000000, 0x0000000800000000)
  region size 4096K, 5 young (20480K), 5 survivors (20480K)
 Metaspace       used 135703K, committed 138688K, reserved 1179648K
  class space    used 18480K, committed 19904K, reserved 1048576K
}
Event: 952.043 GC heap before
{Heap before GC invocations=92 (full 0):
 garbage-first heap   total 675840K, used 616678K [0x0000000600000000, 0x0000000800000000)
  region size 4096K, 54 young (221184K), 5 survivors (20480K)
 Metaspace       used 136014K, committed 139008K, reserved 1179648K
  class space    used 18493K, committed 19904K, reserved 1048576K
}
Event: 952.384 GC heap after
{Heap after GC invocations=93 (full 0):
 garbage-first heap   total 692224K, used 400433K [0x0000000600000000, 0x0000000800000000)
  region size 4096K, 7 young (28672K), 7 survivors (28672K)
 Metaspace       used 136014K, committed 139008K, reserved 1179648K
  class space    used 18493K, committed 19904K, reserved 1048576K
}
Event: 952.466 GC heap before
{Heap before GC invocations=93 (full 0):
 garbage-first heap   total 692224K, used 404529K [0x0000000600000000, 0x0000000800000000)
  region size 4096K, 8 young (32768K), 7 survivors (28672K)
 Metaspace       used 136023K, committed 139008K, reserved 1179648K
  class space    used 18493K, committed 19904K, reserved 1048576K
}
Event: 952.591 GC heap after
{Heap after GC invocations=94 (full 0):
 garbage-first heap   total 692224K, used 396406K [0x0000000600000000, 0x0000000800000000)
  region size 4096K, 1 young (4096K), 1 survivors (4096K)
 Metaspace       used 136023K, committed 139008K, reserved 1179648K
  class space    used 18493K, committed 19904K, reserved 1048576K
}
Event: 1077.264 GC heap before
{Heap before GC invocations=94 (full 0):
 garbage-first heap   total 692224K, used 580726K [0x0000000600000000, 0x0000000800000000)
  region size 4096K, 47 young (192512K), 1 survivors (4096K)
 Metaspace       used 136531K, committed 139584K, reserved 1179648K
  class space    used 18562K, committed 20032K, reserved 1048576K
}
Event: 1078.484 GC heap after
{Heap after GC invocations=95 (full 0):
 garbage-first heap   total 1605632K, used 402359K [0x0000000600000000, 0x0000000800000000)
  region size 4096K, 4 young (16384K), 4 survivors (16384K)
 Metaspace       used 136531K, committed 139584K, reserved 1179648K
  class space    used 18562K, committed 20032K, reserved 1048576K
}
Event: 1082.272 GC heap before
{Heap before GC invocations=95 (full 0):
 garbage-first heap   total 1605632K, used 463799K [0x0000000600000000, 0x0000000800000000)
  region size 4096K, 19 young (77824K), 4 survivors (16384K)
 Metaspace       used 136553K, committed 139584K, reserved 1179648K
  class space    used 18562K, committed 20032K, reserved 1048576K
}
Event: 1082.964 GC heap after
{Heap after GC invocations=96 (full 0):
 garbage-first heap   total 1605632K, used 399585K [0x0000000600000000, 0x0000000800000000)
  region size 4096K, 2 young (8192K), 2 survivors (8192K)
 Metaspace       used 136553K, committed 139584K, reserved 1179648K
  class space    used 18562K, committed 20032K, reserved 1048576K
}
Event: 1091.646 GC heap before
{Heap before GC invocations=96 (full 0):
 garbage-first heap   total 1605632K, used 469217K [0x0000000600000000, 0x0000000800000000)
  region size 4096K, 19 young (77824K), 2 survivors (8192K)
 Metaspace       used 136754K, committed 139840K, reserved 1179648K
  class space    used 18589K, committed 20096K, reserved 1048576K
}
Event: 1091.785 GC heap after
{Heap after GC invocations=97 (full 0):
 garbage-first heap   total 1605632K, used 407045K [0x0000000600000000, 0x0000000800000000)
  region size 4096K, 3 young (12288K), 3 survivors (12288K)
 Metaspace       used 136754K, committed 139840K, reserved 1179648K
  class space    used 18589K, committed 20096K, reserved 1048576K
}
Event: 1092.846 GC heap before
{Heap before GC invocations=97 (full 0):
 garbage-first heap   total 1605632K, used 472581K [0x0000000600000000, 0x0000000800000000)
  region size 4096K, 19 young (77824K), 3 survivors (12288K)
 Metaspace       used 136825K, committed 139904K, reserved 1179648K
  class space    used 18592K, committed 20096K, reserved 1048576K
}
Event: 1092.880 GC heap after
{Heap after GC invocations=98 (full 0):
 garbage-first heap   total 1605632K, used 419530K [0x0000000600000000, 0x0000000800000000)
  region size 4096K, 3 young (12288K), 3 survivors (12288K)
 Metaspace       used 136825K, committed 139904K, reserved 1179648K
  class space    used 18592K, committed 20096K, reserved 1048576K
}
Event: 1094.595 GC heap before
{Heap before GC invocations=98 (full 0):
 garbage-first heap   total 1605632K, used 546506K [0x0000000600000000, 0x0000000800000000)
  region size 4096K, 34 young (139264K), 3 survivors (12288K)
 Metaspace       used 136981K, committed 140096K, reserved 1179648K
  class space    used 18595K, committed 20096K, reserved 1048576K
}
Event: 1094.654 GC heap after
{Heap after GC invocations=99 (full 0):
 garbage-first heap   total 1605632K, used 439769K [0x0000000600000000, 0x0000000800000000)
  region size 4096K, 5 young (20480K), 5 survivors (20480K)
 Metaspace       used 136981K, committed 140096K, reserved 1179648K
  class space    used 18595K, committed 20096K, reserved 1048576K
}
Event: 1097.017 GC heap before
{Heap before GC invocations=99 (full 0):
 garbage-first heap   total 1605632K, used 501209K [0x0000000600000000, 0x0000000800000000)
  region size 4096K, 20 young (81920K), 5 survivors (20480K)
 Metaspace       used 137093K, committed 140160K, reserved 1179648K
  class space    used 18599K, committed 20096K, reserved 1048576K
}
Event: 1097.103 GC heap after
{Heap after GC invocations=100 (full 0):
 garbage-first heap   total 1605632K, used 454656K [0x0000000600000000, 0x0000000800000000)
  region size 4096K, 3 young (12288K), 3 survivors (12288K)
 Metaspace       used 137093K, committed 140160K, reserved 1179648K
  class space    used 18599K, committed 20096K, reserved 1048576K
}
Event: 1114.261 GC heap before
{Heap before GC invocations=100 (full 0):
 garbage-first heap   total 1605632K, used 589824K [0x0000000600000000, 0x0000000800000000)
  region size 4096K, 37 young (151552K), 3 survivors (12288K)
 Metaspace       used 137234K, committed 140288K, reserved 1179648K
  class space    used 18610K, committed 20096K, reserved 1048576K
}

